{
  "stats": {
    "suites": 1,
    "tests": 1,
    "passes": 0,
    "pending": 0,
    "failures": 1,
    "start": "2021-08-01T23:18:13.549Z",
    "end": "2021-08-01T23:18:30.468Z",
    "duration": 16919,
    "testsRegistered": 1,
    "passPercent": 0,
    "pendingPercent": 0,
    "other": 0,
    "hasOther": false,
    "skipped": 0,
    "hasSkipped": false
  },
  "results": [
    {
      "uuid": "e43a6b73-b0e0-47d1-afbf-b5934022b58f",
      "title": "",
      "fullFile": "cypress/integration/demoOpenCartTests/PlaceOrder.spec.js",
      "file": "cypress/integration/demoOpenCartTests/PlaceOrder.spec.js",
      "beforeHooks": [],
      "afterHooks": [],
      "tests": [],
      "suites": [
        {
          "uuid": "1969d49f-fa93-40f2-9f0d-44ad3be279b8",
          "title": "Test Place Order",
          "fullFile": "",
          "file": "",
          "beforeHooks": [],
          "afterHooks": [],
          "tests": [
            {
              "title": "Successful Place Order",
              "fullTitle": "Test Place Order Successful Place Order",
              "timedOut": null,
              "duration": 16803,
              "state": "failed",
              "speed": null,
              "pass": false,
              "fail": true,
              "pending": false,
              "context": null,
              "code": "const hp = new _HomePage.default();\nconst cp = new _CheckoutPage.default();\nconst pp = new _ProductPage.default();\nhp.visit();\nhp.selectProduct('MacBook');\npp.addToCart();\nhp.visit();\nhp.selectProduct('iPhone');\npp.addToCart();\ncp.visit();\ncp.checkout();\ncy.get('[id=checkout-cart]').find('div').should('not.have.class', 'alert-danger');",
              "err": {
                "message": "AssertionError: Timed out retrying after 4000ms: expected '[ <div.alert.alert-danger.alert-dismissible>, 32 more... ]' not to have class 'alert-danger'",
                "estack": "AssertionError: Timed out retrying after 4000ms: expected '[ <div.alert.alert-danger.alert-dismissible>, 32 more... ]' not to have class 'alert-danger'\n    at Context.eval (https://demo.opencart.com/__cypress/tests?p=cypress\\integration\\demoOpenCartTests\\PlaceOrder.spec.js:242:46)",
                "diff": null
              },
              "uuid": "883dffd4-3746-473e-8da5-c7aef2e7714a",
              "parentUUID": "1969d49f-fa93-40f2-9f0d-44ad3be279b8",
              "isHook": false,
              "skipped": false
            }
          ],
          "suites": [],
          "passes": [],
          "failures": [
            "883dffd4-3746-473e-8da5-c7aef2e7714a"
          ],
          "pending": [],
          "skipped": [],
          "duration": 16803,
          "root": false,
          "rootEmpty": false,
          "_timeout": 2000
        }
      ],
      "passes": [],
      "failures": [],
      "pending": [],
      "skipped": [],
      "duration": 0,
      "root": true,
      "rootEmpty": true,
      "_timeout": 2000
    }
  ],
  "meta": {
    "mocha": {
      "version": "7.0.1"
    },
    "mochawesome": {
      "options": {
        "quiet": false,
        "reportFilename": "mochawesome",
        "saveHtml": false,
        "saveJson": true,
        "consoleReporter": "spec",
        "useInlineDiffs": false,
        "code": true
      },
      "version": "6.2.2"
    },
    "marge": {
      "options": {
        "charts": true,
        "overwrite": false,
        "html": false,
        "json": true,
        "reportDir": "cypress/report/mochawesome-report"
      },
      "version": "5.2.0"
    }
  }
}