{
  "stats": {
    "suites": 1,
    "tests": 1,
    "passes": 1,
    "pending": 0,
    "failures": 0,
    "start": "2021-08-01T23:17:59.109Z",
    "end": "2021-08-01T23:18:07.659Z",
    "duration": 8550,
    "testsRegistered": 1,
    "passPercent": 100,
    "pendingPercent": 0,
    "other": 0,
    "hasOther": false,
    "skipped": 0,
    "hasSkipped": false
  },
  "results": [
    {
      "uuid": "3b843ae0-95cb-4a58-8e3c-2ae77a5b2f5e",
      "title": "",
      "fullFile": "cypress/integration/demoOpenCartTests/AddToWishlist.spec.js",
      "file": "cypress/integration/demoOpenCartTests/AddToWishlist.spec.js",
      "beforeHooks": [],
      "afterHooks": [],
      "tests": [],
      "suites": [
        {
          "uuid": "e10d10ee-a1ad-4f7c-a39c-83b3be15bd54",
          "title": "Test Place Order",
          "fullFile": "",
          "file": "",
          "beforeHooks": [],
          "afterHooks": [],
          "tests": [
            {
              "title": "Successful Place Order",
              "fullTitle": "Test Place Order Successful Place Order",
              "timedOut": null,
              "duration": 8426,
              "state": "passed",
              "speed": "slow",
              "pass": true,
              "fail": false,
              "pending": false,
              "context": null,
              "code": "const hp = new _HomePage.default();\nconst pp = new _ProductPage.default();\nconst myFavItem = 'MacBook';\nhp.visit();\nhp.selectProduct(myFavItem);\npp.addToWishlist();\ncy.get('[id=product-product]').find('div').should('have.class', 'alert-success').should('contain', myFavItem);",
              "err": {},
              "uuid": "c4edfb42-e5e2-48f7-9c4f-1510640ee978",
              "parentUUID": "e10d10ee-a1ad-4f7c-a39c-83b3be15bd54",
              "isHook": false,
              "skipped": false
            }
          ],
          "suites": [],
          "passes": [
            "c4edfb42-e5e2-48f7-9c4f-1510640ee978"
          ],
          "failures": [],
          "pending": [],
          "skipped": [],
          "duration": 8426,
          "root": false,
          "rootEmpty": false,
          "_timeout": 2000
        }
      ],
      "passes": [],
      "failures": [],
      "pending": [],
      "skipped": [],
      "duration": 0,
      "root": true,
      "rootEmpty": true,
      "_timeout": 2000
    }
  ],
  "meta": {
    "mocha": {
      "version": "7.0.1"
    },
    "mochawesome": {
      "options": {
        "quiet": false,
        "reportFilename": "mochawesome",
        "saveHtml": false,
        "saveJson": true,
        "consoleReporter": "spec",
        "useInlineDiffs": false,
        "code": true
      },
      "version": "6.2.2"
    },
    "marge": {
      "options": {
        "charts": true,
        "overwrite": false,
        "html": false,
        "json": true,
        "reportDir": "cypress/report/mochawesome-report"
      },
      "version": "5.2.0"
    }
  }
}