{
  "stats": {
    "suites": 1,
    "tests": 1,
    "passes": 1,
    "pending": 0,
    "failures": 0,
    "start": "2021-08-01T23:18:50.810Z",
    "end": "2021-08-01T23:18:56.121Z",
    "duration": 5311,
    "testsRegistered": 1,
    "passPercent": 100,
    "pendingPercent": 0,
    "other": 0,
    "hasOther": false,
    "skipped": 0,
    "hasSkipped": false
  },
  "results": [
    {
      "uuid": "76fff304-32c3-4650-ad2b-c83fe07bf97a",
      "title": "",
      "fullFile": "cypress/integration/demoOpenCartTests/SearchFilter.spec.js",
      "file": "cypress/integration/demoOpenCartTests/SearchFilter.spec.js",
      "beforeHooks": [],
      "afterHooks": [],
      "tests": [],
      "suites": [
        {
          "uuid": "94baca37-6acf-4566-b574-94e9ff24f762",
          "title": "Test Search and Filter",
          "fullFile": "",
          "file": "",
          "beforeHooks": [],
          "afterHooks": [],
          "tests": [
            {
              "title": "Successful Search and Filter",
              "fullTitle": "Test Search and Filter Successful Search and Filter",
              "timedOut": null,
              "duration": 5257,
              "state": "passed",
              "speed": "slow",
              "pass": true,
              "fail": false,
              "pending": false,
              "context": null,
              "code": "const hp = new _HomePage.default();\nconst sp = new _SearchPage.default();\nhp.visit();\nsp.search('iphone');\nsp.selectSortBy('Price (Low > High)');\nsp.selectDisplayNr('50');\ncy.get('[id=content]').should('contain', 'Products meeting the search criteria');",
              "err": {},
              "uuid": "cd4a2e27-4137-4e9f-9420-04276c145e9d",
              "parentUUID": "94baca37-6acf-4566-b574-94e9ff24f762",
              "isHook": false,
              "skipped": false
            }
          ],
          "suites": [],
          "passes": [
            "cd4a2e27-4137-4e9f-9420-04276c145e9d"
          ],
          "failures": [],
          "pending": [],
          "skipped": [],
          "duration": 5257,
          "root": false,
          "rootEmpty": false,
          "_timeout": 2000
        }
      ],
      "passes": [],
      "failures": [],
      "pending": [],
      "skipped": [],
      "duration": 0,
      "root": true,
      "rootEmpty": true,
      "_timeout": 2000
    }
  ],
  "meta": {
    "mocha": {
      "version": "7.0.1"
    },
    "mochawesome": {
      "options": {
        "quiet": false,
        "reportFilename": "mochawesome",
        "saveHtml": false,
        "saveJson": true,
        "consoleReporter": "spec",
        "useInlineDiffs": false,
        "code": true
      },
      "version": "6.2.2"
    },
    "marge": {
      "options": {
        "charts": true,
        "overwrite": false,
        "html": false,
        "json": true,
        "reportDir": "cypress/report/mochawesome-report"
      },
      "version": "5.2.0"
    }
  }
}